<?xml version="1.0" encoding="UTF-8"?>
<testng-results skipped="0" failed="0" ignored="0" total="1" passed="1">
  <reporter-output>
  </reporter-output>
  <suite name="Default suite" duration-ms="59" started-at="2016-12-10T14:29:24Z" finished-at="2016-12-10T14:29:24Z">
    <groups>
    </groups>
    <test name="Default test" duration-ms="59" started-at="2016-12-10T14:29:24Z" finished-at="2016-12-10T14:29:24Z">
      <class name="Login.sampleTestNG">
        <test-method status="PASS" signature="add()[pri:0, instance:Login.sampleTestNG@5ae9a829]" name="add" duration-ms="16" started-at="2016-12-10T08:29:24Z" finished-at="2016-12-10T08:29:24Z">
          <reporter-output>
          </reporter-output>
        </test-method> <!-- add -->
      </class> <!-- Login.sampleTestNG -->
    </test> <!-- Default test -->
  </suite> <!-- Default suite -->
</testng-results>
